;  LST file generated by mikroListExporter - v.2.0 
; Date/Time: 6/14/2022 2:55:53 PM
;----------------------------------------------

;Address Opcode 	ASM
0x0000	0xF001EFA6  	GOTO        844
0x0004	0x0000      	NOP
0x0006	0x0000      	NOP
0x0008	0xF000EF00  	GOTO        0
0x000C	0x0000      	NOP
0x000E	0x0000      	NOP
0x0010	0x0000      	NOP
0x0012	0x0000      	NOP
0x0014	0x0000      	NOP
0x0016	0x0000      	NOP
0x0018	0xD7F3      	BRA         0
_Delay_5500us:
;__Lib_Delays.c,31 :: 		void Delay_5500us() {
;__Lib_Delays.c,32 :: 		Delay_us(5500);
0x001C	0x0E24      	MOVLW       36
0x001E	0x6E0C      	MOVWF       R12, 0
0x0020	0x0EB5      	MOVLW       181
0x0022	0x6E0D      	MOVWF       R13, 0
L_Delay_5500us5:
0x0024	0x2E0D      	DECFSZ      R13, 1, 0
0x0026	0xD7FE      	BRA         L_Delay_5500us5
0x0028	0x2E0C      	DECFSZ      R12, 1, 0
0x002A	0xD7FC      	BRA         L_Delay_5500us5
0x002C	0x0000      	NOP
0x002E	0x0000      	NOP
;__Lib_Delays.c,33 :: 		}
L_end_Delay_5500us:
0x0030	0x0012      	RETURN      0
; end of _Delay_5500us
_Delay_1us:
;__Lib_Delays.c,7 :: 		void Delay_1us() {
;__Lib_Delays.c,8 :: 		Delay_us(1);
0x0032	0x0000      	NOP
0x0034	0x0000      	NOP
0x0036	0x0000      	NOP
0x0038	0x0000      	NOP
0x003A	0x0000      	NOP
;__Lib_Delays.c,9 :: 		}
L_end_Delay_1us:
0x003C	0x0012      	RETURN      0
; end of _Delay_1us
_Delay_50us:
;__Lib_Delays.c,19 :: 		void Delay_50us() {
;__Lib_Delays.c,20 :: 		Delay_us(50);
0x003E	0x0E53      	MOVLW       83
0x0040	0x6E0D      	MOVWF       R13, 0
L_Delay_50us2:
0x0042	0x2E0D      	DECFSZ      R13, 1, 0
0x0044	0xD7FE      	BRA         L_Delay_50us2
;__Lib_Delays.c,21 :: 		}
L_end_Delay_50us:
0x0046	0x0012      	RETURN      0
; end of _Delay_50us
_Lcd_Cmd:
;__Lib_Lcd.c,18 :: 		
;__Lib_Lcd.c,20 :: 		
0x0048	0x0100      	MOVLB       0
0x004A	0xBF6B      	BTFSC       FARG_Lcd_Cmd_out_char, 7, 1
0x004C	0xD002      	BRA         L__Lcd_Cmd21
0x004E	0x9081      	BCF         LCD_D7, BitPos(LCD_D7+0) 
0x0050	0xD001      	BRA         L__Lcd_Cmd22
L__Lcd_Cmd21:
0x0052	0x8081      	BSF         LCD_D7, BitPos(LCD_D7+0) 
L__Lcd_Cmd22:
;__Lib_Lcd.c,21 :: 		
0x0054	0xBD6B      	BTFSC       FARG_Lcd_Cmd_out_char, 6, 1
0x0056	0xD002      	BRA         L__Lcd_Cmd23
0x0058	0x9281      	BCF         LCD_D6, BitPos(LCD_D6+0) 
0x005A	0xD001      	BRA         L__Lcd_Cmd24
L__Lcd_Cmd23:
0x005C	0x8281      	BSF         LCD_D6, BitPos(LCD_D6+0) 
L__Lcd_Cmd24:
;__Lib_Lcd.c,22 :: 		
0x005E	0xBB6B      	BTFSC       FARG_Lcd_Cmd_out_char, 5, 1
0x0060	0xD002      	BRA         L__Lcd_Cmd25
0x0062	0x9481      	BCF         LCD_D5, BitPos(LCD_D5+0) 
0x0064	0xD001      	BRA         L__Lcd_Cmd26
L__Lcd_Cmd25:
0x0066	0x8481      	BSF         LCD_D5, BitPos(LCD_D5+0) 
L__Lcd_Cmd26:
;__Lib_Lcd.c,23 :: 		
0x0068	0xB96B      	BTFSC       FARG_Lcd_Cmd_out_char, 4, 1
0x006A	0xD002      	BRA         L__Lcd_Cmd27
0x006C	0x9681      	BCF         LCD_D4, BitPos(LCD_D4+0) 
0x006E	0xD001      	BRA         L__Lcd_Cmd28
L__Lcd_Cmd27:
0x0070	0x8681      	BSF         LCD_D4, BitPos(LCD_D4+0) 
L__Lcd_Cmd28:
;__Lib_Lcd.c,25 :: 		
0x0072	0xB05D      	BTFSC       __Lib_Lcd_cmd_status, BitPos(__Lib_Lcd_cmd_status+0) 
0x0074	0xD002      	BRA         L__Lcd_Cmd29
0x0076	0x8A81      	BSF         LCD_RS, BitPos(LCD_RS+0) 
0x0078	0xD001      	BRA         L__Lcd_Cmd30
L__Lcd_Cmd29:
0x007A	0x9A81      	BCF         LCD_RS, BitPos(LCD_RS+0) 
L__Lcd_Cmd30:
;__Lib_Lcd.c,28 :: 		
0x007C	0x8881      	BSF         LCD_EN, BitPos(LCD_EN+0) 
;__Lib_Lcd.c,29 :: 		
0x007E	0xDFD9      	RCALL       _Delay_1us
;__Lib_Lcd.c,30 :: 		
0x0080	0x9881      	BCF         LCD_EN, BitPos(LCD_EN+0) 
;__Lib_Lcd.c,33 :: 		
0x0082	0xB76B      	BTFSC       FARG_Lcd_Cmd_out_char, 3, 1
0x0084	0xD002      	BRA         L__Lcd_Cmd31
0x0086	0x9081      	BCF         LCD_D7, BitPos(LCD_D7+0) 
0x0088	0xD001      	BRA         L__Lcd_Cmd32
L__Lcd_Cmd31:
0x008A	0x8081      	BSF         LCD_D7, BitPos(LCD_D7+0) 
L__Lcd_Cmd32:
;__Lib_Lcd.c,34 :: 		
0x008C	0xB56B      	BTFSC       FARG_Lcd_Cmd_out_char, 2, 1
0x008E	0xD002      	BRA         L__Lcd_Cmd33
0x0090	0x9281      	BCF         LCD_D6, BitPos(LCD_D6+0) 
0x0092	0xD001      	BRA         L__Lcd_Cmd34
L__Lcd_Cmd33:
0x0094	0x8281      	BSF         LCD_D6, BitPos(LCD_D6+0) 
L__Lcd_Cmd34:
;__Lib_Lcd.c,35 :: 		
0x0096	0xB36B      	BTFSC       FARG_Lcd_Cmd_out_char, 1, 1
0x0098	0xD002      	BRA         L__Lcd_Cmd35
0x009A	0x9481      	BCF         LCD_D5, BitPos(LCD_D5+0) 
0x009C	0xD001      	BRA         L__Lcd_Cmd36
L__Lcd_Cmd35:
0x009E	0x8481      	BSF         LCD_D5, BitPos(LCD_D5+0) 
L__Lcd_Cmd36:
;__Lib_Lcd.c,36 :: 		
0x00A0	0xB16B      	BTFSC       FARG_Lcd_Cmd_out_char, 0, 1
0x00A2	0xD002      	BRA         L__Lcd_Cmd37
0x00A4	0x9681      	BCF         LCD_D4, BitPos(LCD_D4+0) 
0x00A6	0xD001      	BRA         L__Lcd_Cmd38
L__Lcd_Cmd37:
0x00A8	0x8681      	BSF         LCD_D4, BitPos(LCD_D4+0) 
L__Lcd_Cmd38:
;__Lib_Lcd.c,38 :: 		
0x00AA	0xB05D      	BTFSC       __Lib_Lcd_cmd_status, BitPos(__Lib_Lcd_cmd_status+0) 
0x00AC	0xD002      	BRA         L__Lcd_Cmd39
0x00AE	0x8A81      	BSF         LCD_RS, BitPos(LCD_RS+0) 
0x00B0	0xD001      	BRA         L__Lcd_Cmd40
L__Lcd_Cmd39:
0x00B2	0x9A81      	BCF         LCD_RS, BitPos(LCD_RS+0) 
L__Lcd_Cmd40:
;__Lib_Lcd.c,40 :: 		
0x00B4	0x8881      	BSF         LCD_EN, BitPos(LCD_EN+0) 
;__Lib_Lcd.c,41 :: 		
0x00B6	0xDFBD      	RCALL       _Delay_1us
;__Lib_Lcd.c,42 :: 		
0x00B8	0x9881      	BCF         LCD_EN, BitPos(LCD_EN+0) 
;__Lib_Lcd.c,44 :: 		
0x00BA	0xA05D      	BTFSS       __Lib_Lcd_cmd_status, BitPos(__Lib_Lcd_cmd_status+0) 
0x00BC	0xD002      	BRA         L_Lcd_Cmd0
;__Lib_Lcd.c,45 :: 		
0x00BE	0xDFAE      	RCALL       _Delay_5500us
0x00C0	0xD001      	BRA         L_Lcd_Cmd1
L_Lcd_Cmd0:
;__Lib_Lcd.c,47 :: 		
0x00C2	0xDFBD      	RCALL       _Delay_50us
L_Lcd_Cmd1:
;__Lib_Lcd.c,48 :: 		
L_end_Lcd_Cmd:
0x00C4	0x0012      	RETURN      0
; end of _Lcd_Cmd
_Lcd_Chr_CP:
;__Lib_Lcd.c,50 :: 		
;__Lib_Lcd.c,52 :: 		
0x00C6	0x905D      	BCF         __Lib_Lcd_cmd_status, BitPos(__Lib_Lcd_cmd_status+0) 
;__Lib_Lcd.c,53 :: 		
0x00C8	0xF06BC06A  	MOVFF       FARG_Lcd_Chr_CP_out_char, FARG_Lcd_Cmd_out_char
0x00CC	0xDFBD      	RCALL       _Lcd_Cmd
;__Lib_Lcd.c,54 :: 		
0x00CE	0x805D      	BSF         __Lib_Lcd_cmd_status, BitPos(__Lib_Lcd_cmd_status+0) 
;__Lib_Lcd.c,55 :: 		
L_end_Lcd_Chr_CP:
0x00D0	0x0012      	RETURN      0
; end of _Lcd_Chr_CP
_Div_16X16_U:
;__Lib_Math.c,102 :: 		
;__Lib_Math.c,109 :: 		
0x00D2	0x6A08      	CLRF        R8, 0
;__Lib_Math.c,110 :: 		
0x00D4	0x6A09      	CLRF        R9, 0
;__Lib_Math.c,111 :: 		
0x00D6	0x0E10      	MOVLW       16
;__Lib_Math.c,112 :: 		
0x00D8	0x6E0C      	MOVWF       R12, 0
;__Lib_Math.c,113 :: 		
0x00DA	0x3401      	RLCF        R1, 0, 0
;__Lib_Math.c,114 :: 		
0x00DC	0x3608      	RLCF        R8, 1, 0
;__Lib_Math.c,115 :: 		
0x00DE	0x3609      	RLCF        R9, 1, 0
;__Lib_Math.c,116 :: 		
0x00E0	0x5004      	MOVF        R4, 0, 0
;__Lib_Math.c,117 :: 		
0x00E2	0x5E08      	SUBWF       R8, 1, 0
;__Lib_Math.c,118 :: 		
0x00E4	0x5005      	MOVF        R5, 0, 0
;__Lib_Math.c,119 :: 		
0x00E6	0xA0D8      	BTFSS       STATUS, 0, 0
;__Lib_Math.c,120 :: 		
0x00E8	0x3C05      	INCFSZ      R5, 0, 0
;__Lib_Math.c,121 :: 		
0x00EA	0x5E09      	SUBWF       R9, 1, 0
;__Lib_Math.c,122 :: 		
0x00EC	0xB0D8      	BTFSC       STATUS, 0, 0
;__Lib_Math.c,123 :: 		
0x00EE	0xD007      	BRA         $+16
;__Lib_Math.c,124 :: 		
0x00F0	0x5004      	MOVF        R4, 0, 0
;__Lib_Math.c,125 :: 		
0x00F2	0x2608      	ADDWF       R8, 1, 0
;__Lib_Math.c,126 :: 		
0x00F4	0x5005      	MOVF        R5, 0, 0
;__Lib_Math.c,127 :: 		
0x00F6	0xB0D8      	BTFSC       STATUS, 0, 0
;__Lib_Math.c,128 :: 		
0x00F8	0x3C05      	INCFSZ      R5, 0, 0
;__Lib_Math.c,129 :: 		
0x00FA	0x2609      	ADDWF       R9, 1, 0
;__Lib_Math.c,130 :: 		
0x00FC	0x90D8      	BCF         STATUS, 0, 0
;__Lib_Math.c,131 :: 		
0x00FE	0x3600      	RLCF        R0, 1, 0
;__Lib_Math.c,132 :: 		
0x0100	0x3601      	RLCF        R1, 1, 0
;__Lib_Math.c,133 :: 		
0x0102	0x2E0C      	DECFSZ      R12, 1, 0
;__Lib_Math.c,134 :: 		
0x0104	0xD7EA      	BRA         $-42
;__Lib_Math.c,136 :: 		
L_end_Div_16X16_U:
0x0106	0x0012      	RETURN      0
; end of _Div_16X16_U
_Lcd_Chr:
;__Lib_Lcd.c,65 :: 		
;__Lib_Lcd.c,66 :: 		
0x0108	0xD010      	BRA         L_Lcd_Chr4
;__Lib_Lcd.c,67 :: 		
L_Lcd_Chr6:
0x010A	0x0E80      	MOVLW       128
0x010C	0x0100      	MOVLB       0
0x010E	0x6F65      	MOVWF       FARG_Lcd_Chr_row, 1
0x0110	0xD01A      	BRA         L_Lcd_Chr5
;__Lib_Lcd.c,68 :: 		
L_Lcd_Chr7:
0x0112	0x0EC0      	MOVLW       192
0x0114	0x6F65      	MOVWF       FARG_Lcd_Chr_row, 1
0x0116	0xD017      	BRA         L_Lcd_Chr5
;__Lib_Lcd.c,69 :: 		
L_Lcd_Chr8:
0x0118	0x0E94      	MOVLW       148
0x011A	0x6F65      	MOVWF       FARG_Lcd_Chr_row, 1
0x011C	0xD014      	BRA         L_Lcd_Chr5
;__Lib_Lcd.c,70 :: 		
L_Lcd_Chr9:
0x011E	0x0ED4      	MOVLW       212
0x0120	0x6F65      	MOVWF       FARG_Lcd_Chr_row, 1
0x0122	0xD011      	BRA         L_Lcd_Chr5
;__Lib_Lcd.c,71 :: 		
L_Lcd_Chr10:
0x0124	0x0E80      	MOVLW       128
0x0126	0x6F65      	MOVWF       FARG_Lcd_Chr_row, 1
;__Lib_Lcd.c,72 :: 		
0x0128	0xD00E      	BRA         L_Lcd_Chr5
L_Lcd_Chr4:
0x012A	0x0100      	MOVLB       0
0x012C	0x5165      	MOVF        FARG_Lcd_Chr_row, 0, 1
0x012E	0x0A01      	XORLW       1
0x0130	0xE0EC      	BZ          L_Lcd_Chr6
0x0132	0x5165      	MOVF        FARG_Lcd_Chr_row, 0, 1
0x0134	0x0A02      	XORLW       2
0x0136	0xE0ED      	BZ          L_Lcd_Chr7
0x0138	0x5165      	MOVF        FARG_Lcd_Chr_row, 0, 1
0x013A	0x0A03      	XORLW       3
0x013C	0xE0ED      	BZ          L_Lcd_Chr8
0x013E	0x5165      	MOVF        FARG_Lcd_Chr_row, 0, 1
0x0140	0x0A04      	XORLW       4
0x0142	0xE0ED      	BZ          L_Lcd_Chr9
0x0144	0xD7EF      	BRA         L_Lcd_Chr10
L_Lcd_Chr5:
;__Lib_Lcd.c,74 :: 		
0x0146	0x0566      	DECF        FARG_Lcd_Chr_column, 0, 1
0x0148	0x6E00      	MOVWF       R0 
0x014A	0x5165      	MOVF        FARG_Lcd_Chr_row, 0, 1
0x014C	0x2600      	ADDWF       R0, 1 
0x014E	0xF065C000  	MOVFF       R0, FARG_Lcd_Chr_row
;__Lib_Lcd.c,76 :: 		
0x0152	0x805D      	BSF         __Lib_Lcd_cmd_status, BitPos(__Lib_Lcd_cmd_status+0) 
;__Lib_Lcd.c,77 :: 		
0x0154	0xF06BC000  	MOVFF       R0, FARG_Lcd_Cmd_out_char
0x0158	0xDF77      	RCALL       _Lcd_Cmd
;__Lib_Lcd.c,79 :: 		
0x015A	0x905D      	BCF         __Lib_Lcd_cmd_status, BitPos(__Lib_Lcd_cmd_status+0) 
;__Lib_Lcd.c,80 :: 		
0x015C	0xF06BC067  	MOVFF       FARG_Lcd_Chr_out_char, FARG_Lcd_Cmd_out_char
0x0160	0xDF73      	RCALL       _Lcd_Cmd
;__Lib_Lcd.c,81 :: 		
0x0162	0x805D      	BSF         __Lib_Lcd_cmd_status, BitPos(__Lib_Lcd_cmd_status+0) 
;__Lib_Lcd.c,82 :: 		
L_end_Lcd_Chr:
0x0164	0x0012      	RETURN      0
; end of _Lcd_Chr
_StartSignal:
;MyProject.c,25 :: 		void StartSignal(){
;MyProject.c,26 :: 		TRISD.F0 = 0;    //Configure RD0 as output
0x0166	0x9095      	BCF         TRISD, 0 
;MyProject.c,27 :: 		PORTD.F0 = 0;    //RD0 sends 0 to the sensor
0x0168	0x9083      	BCF         PORTD, 0 
;MyProject.c,28 :: 		delay_ms(18);
0x016A	0x0E75      	MOVLW       117
0x016C	0x6E0C      	MOVWF       R12, 0
0x016E	0x0EE1      	MOVLW       225
0x0170	0x6E0D      	MOVWF       R13, 0
L_StartSignal0:
0x0172	0x2E0D      	DECFSZ      R13, 1, 0
0x0174	0xD7FE      	BRA         L_StartSignal0
0x0176	0x2E0C      	DECFSZ      R12, 1, 0
0x0178	0xD7FC      	BRA         L_StartSignal0
;MyProject.c,29 :: 		PORTD.F0 = 1;    //RD0 sends 1 to the sensor
0x017A	0x8083      	BSF         PORTD, 0 
;MyProject.c,30 :: 		delay_us(30);
0x017C	0x0E31      	MOVLW       49
0x017E	0x6E0D      	MOVWF       R13, 0
L_StartSignal1:
0x0180	0x2E0D      	DECFSZ      R13, 1, 0
0x0182	0xD7FE      	BRA         L_StartSignal1
0x0184	0x0000      	NOP
0x0186	0x0000      	NOP
;MyProject.c,31 :: 		TRISD.F0 = 1;    //Configure RD0 as input
0x0188	0x8095      	BSF         TRISD, 0 
;MyProject.c,32 :: 		}
L_end_StartSignal:
0x018A	0x0012      	RETURN      0
; end of _StartSignal
_Lcd_Init:
;__Lib_Lcd.c,84 :: 		
;__Lib_Lcd.c,86 :: 		
0x018C	0x9893      	BCF         LCD_EN_Direction, BitPos(LCD_EN_Direction+0) 
;__Lib_Lcd.c,87 :: 		
0x018E	0x9A93      	BCF         LCD_RS_Direction, BitPos(LCD_RS_Direction+0) 
;__Lib_Lcd.c,88 :: 		
0x0190	0x9693      	BCF         LCD_D4_Direction, BitPos(LCD_D4_Direction+0) 
;__Lib_Lcd.c,89 :: 		
0x0192	0x9493      	BCF         LCD_D5_Direction, BitPos(LCD_D5_Direction+0) 
;__Lib_Lcd.c,90 :: 		
0x0194	0x9293      	BCF         LCD_D6_Direction, BitPos(LCD_D6_Direction+0) 
;__Lib_Lcd.c,91 :: 		
0x0196	0x9093      	BCF         LCD_D7_Direction, BitPos(LCD_D7_Direction+0) 
;__Lib_Lcd.c,93 :: 		
0x0198	0x9881      	BCF         LCD_EN, BitPos(LCD_EN+0) 
;__Lib_Lcd.c,94 :: 		
0x019A	0x9A81      	BCF         LCD_RS, BitPos(LCD_RS+0) 
;__Lib_Lcd.c,95 :: 		
0x019C	0x9081      	BCF         LCD_D7, BitPos(LCD_D7+0) 
;__Lib_Lcd.c,96 :: 		
0x019E	0x9281      	BCF         LCD_D6, BitPos(LCD_D6+0) 
;__Lib_Lcd.c,97 :: 		
0x01A0	0x9481      	BCF         LCD_D5, BitPos(LCD_D5+0) 
;__Lib_Lcd.c,98 :: 		
0x01A2	0x9681      	BCF         LCD_D4, BitPos(LCD_D4+0) 
;__Lib_Lcd.c,100 :: 		
0x01A4	0xDF3B      	RCALL       _Delay_5500us
;__Lib_Lcd.c,101 :: 		
0x01A6	0xDF3A      	RCALL       _Delay_5500us
;__Lib_Lcd.c,102 :: 		
0x01A8	0xDF39      	RCALL       _Delay_5500us
;__Lib_Lcd.c,105 :: 		
0x01AA	0x8481      	BSF         LCD_D5, BitPos(LCD_D5+0) 
;__Lib_Lcd.c,106 :: 		
0x01AC	0x8681      	BSF         LCD_D4, BitPos(LCD_D4+0) 
;__Lib_Lcd.c,107 :: 		
0x01AE	0x8881      	BSF         LCD_EN, BitPos(LCD_EN+0) 
;__Lib_Lcd.c,108 :: 		
0x01B0	0xDF40      	RCALL       _Delay_1us
;__Lib_Lcd.c,109 :: 		
0x01B2	0x9881      	BCF         LCD_EN, BitPos(LCD_EN+0) 
;__Lib_Lcd.c,110 :: 		
0x01B4	0xDF33      	RCALL       _Delay_5500us
;__Lib_Lcd.c,112 :: 		
0x01B6	0x8881      	BSF         LCD_EN, BitPos(LCD_EN+0) 
;__Lib_Lcd.c,113 :: 		
0x01B8	0xDF3C      	RCALL       _Delay_1us
;__Lib_Lcd.c,114 :: 		
0x01BA	0x9881      	BCF         LCD_EN, BitPos(LCD_EN+0) 
;__Lib_Lcd.c,115 :: 		
0x01BC	0xDF2F      	RCALL       _Delay_5500us
;__Lib_Lcd.c,117 :: 		
0x01BE	0x8881      	BSF         LCD_EN, BitPos(LCD_EN+0) 
;__Lib_Lcd.c,118 :: 		
0x01C0	0xDF38      	RCALL       _Delay_1us
;__Lib_Lcd.c,119 :: 		
0x01C2	0x9881      	BCF         LCD_EN, BitPos(LCD_EN+0) 
;__Lib_Lcd.c,120 :: 		
0x01C4	0xDF2B      	RCALL       _Delay_5500us
;__Lib_Lcd.c,123 :: 		
0x01C6	0x9681      	BCF         LCD_D4, BitPos(LCD_D4+0) 
;__Lib_Lcd.c,124 :: 		
0x01C8	0x8881      	BSF         LCD_EN, BitPos(LCD_EN+0) 
;__Lib_Lcd.c,125 :: 		
0x01CA	0xDF33      	RCALL       _Delay_1us
;__Lib_Lcd.c,126 :: 		
0x01CC	0x9881      	BCF         LCD_EN, BitPos(LCD_EN+0) 
;__Lib_Lcd.c,127 :: 		
0x01CE	0xDF26      	RCALL       _Delay_5500us
;__Lib_Lcd.c,130 :: 		
0x01D0	0x8881      	BSF         LCD_EN, BitPos(LCD_EN+0) 
;__Lib_Lcd.c,131 :: 		
0x01D2	0xDF2F      	RCALL       _Delay_1us
;__Lib_Lcd.c,132 :: 		
0x01D4	0x9881      	BCF         LCD_EN, BitPos(LCD_EN+0) 
;__Lib_Lcd.c,134 :: 		
0x01D6	0x9481      	BCF         LCD_D5, BitPos(LCD_D5+0) 
;__Lib_Lcd.c,135 :: 		
0x01D8	0x8081      	BSF         LCD_D7, BitPos(LCD_D7+0) 
;__Lib_Lcd.c,136 :: 		
0x01DA	0x8881      	BSF         LCD_EN, BitPos(LCD_EN+0) 
;__Lib_Lcd.c,137 :: 		
0x01DC	0xDF2A      	RCALL       _Delay_1us
;__Lib_Lcd.c,138 :: 		
0x01DE	0x9881      	BCF         LCD_EN, BitPos(LCD_EN+0) 
;__Lib_Lcd.c,139 :: 		
0x01E0	0xDF1D      	RCALL       _Delay_5500us
;__Lib_Lcd.c,142 :: 		
0x01E2	0x9081      	BCF         LCD_D7, BitPos(LCD_D7+0) 
;__Lib_Lcd.c,143 :: 		
0x01E4	0x8681      	BSF         LCD_D4, BitPos(LCD_D4+0) 
;__Lib_Lcd.c,144 :: 		
0x01E6	0x8881      	BSF         LCD_EN, BitPos(LCD_EN+0) 
;__Lib_Lcd.c,145 :: 		
0x01E8	0xDF24      	RCALL       _Delay_1us
;__Lib_Lcd.c,146 :: 		
0x01EA	0x9881      	BCF         LCD_EN, BitPos(LCD_EN+0) 
;__Lib_Lcd.c,148 :: 		
0x01EC	0x9681      	BCF         LCD_D4, BitPos(LCD_D4+0) 
;__Lib_Lcd.c,149 :: 		
0x01EE	0x8881      	BSF         LCD_EN, BitPos(LCD_EN+0) 
;__Lib_Lcd.c,150 :: 		
0x01F0	0xDF20      	RCALL       _Delay_1us
;__Lib_Lcd.c,151 :: 		
0x01F2	0x9881      	BCF         LCD_EN, BitPos(LCD_EN+0) 
;__Lib_Lcd.c,152 :: 		
0x01F4	0xDF13      	RCALL       _Delay_5500us
;__Lib_Lcd.c,155 :: 		
0x01F6	0x8881      	BSF         LCD_EN, BitPos(LCD_EN+0) 
;__Lib_Lcd.c,156 :: 		
0x01F8	0xDF1C      	RCALL       _Delay_1us
;__Lib_Lcd.c,157 :: 		
0x01FA	0x9881      	BCF         LCD_EN, BitPos(LCD_EN+0) 
;__Lib_Lcd.c,159 :: 		
0x01FC	0x8681      	BSF         LCD_D4, BitPos(LCD_D4+0) 
;__Lib_Lcd.c,160 :: 		
0x01FE	0x8881      	BSF         LCD_EN, BitPos(LCD_EN+0) 
;__Lib_Lcd.c,161 :: 		
0x0200	0xDF18      	RCALL       _Delay_1us
;__Lib_Lcd.c,162 :: 		
0x0202	0x9881      	BCF         LCD_EN, BitPos(LCD_EN+0) 
;__Lib_Lcd.c,163 :: 		
0x0204	0xDF0B      	RCALL       _Delay_5500us
;__Lib_Lcd.c,166 :: 		
0x0206	0x9681      	BCF         LCD_D4, BitPos(LCD_D4+0) 
;__Lib_Lcd.c,167 :: 		
0x0208	0x8881      	BSF         LCD_EN, BitPos(LCD_EN+0) 
;__Lib_Lcd.c,168 :: 		
0x020A	0xDF13      	RCALL       _Delay_1us
;__Lib_Lcd.c,169 :: 		
0x020C	0x9881      	BCF         LCD_EN, BitPos(LCD_EN+0) 
;__Lib_Lcd.c,171 :: 		
0x020E	0x8081      	BSF         LCD_D7, BitPos(LCD_D7+0) 
;__Lib_Lcd.c,172 :: 		
0x0210	0x8281      	BSF         LCD_D6, BitPos(LCD_D6+0) 
;__Lib_Lcd.c,173 :: 		
0x0212	0x8481      	BSF         LCD_D5, BitPos(LCD_D5+0) 
;__Lib_Lcd.c,174 :: 		
0x0214	0x8681      	BSF         LCD_D4, BitPos(LCD_D4+0) 
;__Lib_Lcd.c,175 :: 		
0x0216	0x8881      	BSF         LCD_EN, BitPos(LCD_EN+0) 
;__Lib_Lcd.c,176 :: 		
0x0218	0xDF0C      	RCALL       _Delay_1us
;__Lib_Lcd.c,177 :: 		
0x021A	0x9881      	BCF         LCD_EN, BitPos(LCD_EN+0) 
;__Lib_Lcd.c,179 :: 		
0x021C	0xDEFF      	RCALL       _Delay_5500us
;__Lib_Lcd.c,181 :: 		
0x021E	0x805D      	BSF         __Lib_Lcd_cmd_status, BitPos(__Lib_Lcd_cmd_status+0) 
;__Lib_Lcd.c,182 :: 		
L_end_Lcd_Init:
0x0220	0x0012      	RETURN      0
; end of _Lcd_Init
___CC2DW:
;__Lib_System.c,21 :: 		
;__Lib_System.c,23 :: 		
_CC2DL_Loop1:
;__Lib_System.c,24 :: 		
0x0222	0x0009      	TBLRD*+
;__Lib_System.c,25 :: 		
0x0224	0xFFE6CFF5  	MOVFF       TABLAT, POSTINC1
;__Lib_System.c,26 :: 		
0x0228	0x0600      	DECF        R0, 1, 0
;__Lib_System.c,27 :: 		
0x022A	0xE1FB      	BNZ         _CC2DL_Loop1
;__Lib_System.c,28 :: 		
0x022C	0x0601      	DECF        R1, 1, 0
;__Lib_System.c,29 :: 		
0x022E	0xE1F9      	BNZ         _CC2DL_Loop1
;__Lib_System.c,31 :: 		
L_end___CC2DW:
0x0230	0x0012      	RETURN      0
; end of ___CC2DW
_Lcd_Out:
;__Lib_Lcd.c,184 :: 		
;__Lib_Lcd.c,187 :: 		
0x0232	0xD010      	BRA         L_Lcd_Out11
;__Lib_Lcd.c,188 :: 		
L_Lcd_Out13:
0x0234	0x0E80      	MOVLW       128
0x0236	0x0100      	MOVLB       0
0x0238	0x6F65      	MOVWF       FARG_Lcd_Out_row, 1
0x023A	0xD01A      	BRA         L_Lcd_Out12
;__Lib_Lcd.c,189 :: 		
L_Lcd_Out14:
0x023C	0x0EC0      	MOVLW       192
0x023E	0x6F65      	MOVWF       FARG_Lcd_Out_row, 1
0x0240	0xD017      	BRA         L_Lcd_Out12
;__Lib_Lcd.c,190 :: 		
L_Lcd_Out15:
0x0242	0x0E94      	MOVLW       148
0x0244	0x6F65      	MOVWF       FARG_Lcd_Out_row, 1
0x0246	0xD014      	BRA         L_Lcd_Out12
;__Lib_Lcd.c,191 :: 		
L_Lcd_Out16:
0x0248	0x0ED4      	MOVLW       212
0x024A	0x6F65      	MOVWF       FARG_Lcd_Out_row, 1
0x024C	0xD011      	BRA         L_Lcd_Out12
;__Lib_Lcd.c,192 :: 		
L_Lcd_Out17:
0x024E	0x0E80      	MOVLW       128
0x0250	0x6F65      	MOVWF       FARG_Lcd_Out_row, 1
;__Lib_Lcd.c,193 :: 		
0x0252	0xD00E      	BRA         L_Lcd_Out12
L_Lcd_Out11:
0x0254	0x0100      	MOVLB       0
0x0256	0x5165      	MOVF        FARG_Lcd_Out_row, 0, 1
0x0258	0x0A01      	XORLW       1
0x025A	0xE0EC      	BZ          L_Lcd_Out13
0x025C	0x5165      	MOVF        FARG_Lcd_Out_row, 0, 1
0x025E	0x0A02      	XORLW       2
0x0260	0xE0ED      	BZ          L_Lcd_Out14
0x0262	0x5165      	MOVF        FARG_Lcd_Out_row, 0, 1
0x0264	0x0A03      	XORLW       3
0x0266	0xE0ED      	BZ          L_Lcd_Out15
0x0268	0x5165      	MOVF        FARG_Lcd_Out_row, 0, 1
0x026A	0x0A04      	XORLW       4
0x026C	0xE0ED      	BZ          L_Lcd_Out16
0x026E	0xD7EF      	BRA         L_Lcd_Out17
L_Lcd_Out12:
;__Lib_Lcd.c,194 :: 		
0x0270	0x0566      	DECF        FARG_Lcd_Out_column, 0, 1
0x0272	0x6E00      	MOVWF       R0 
0x0274	0x5165      	MOVF        FARG_Lcd_Out_row, 0, 1
0x0276	0x2600      	ADDWF       R0, 1 
0x0278	0xF065C000  	MOVFF       R0, FARG_Lcd_Out_row
;__Lib_Lcd.c,196 :: 		
0x027C	0xF06BC000  	MOVFF       R0, FARG_Lcd_Cmd_out_char
0x0280	0xDEE3      	RCALL       _Lcd_Cmd
;__Lib_Lcd.c,197 :: 		
0x0282	0x905D      	BCF         __Lib_Lcd_cmd_status, BitPos(__Lib_Lcd_cmd_status+0) 
;__Lib_Lcd.c,198 :: 		
0x0284	0x6B69      	CLRF        Lcd_Out_i_L0, 1
;__Lib_Lcd.c,199 :: 		
L_Lcd_Out18:
0x0286	0x5169      	MOVF        Lcd_Out_i_L0, 0, 1
0x0288	0x2567      	ADDWF       FARG_Lcd_Out_text, 0, 1
0x028A	0x6EE9      	MOVWF       FSR0L 
0x028C	0x0E00      	MOVLW       0
0x028E	0x2168      	ADDWFC      FARG_Lcd_Out_text+1, 0, 1
0x0290	0x6EEA      	MOVWF       FSR0L+1 
0x0292	0x52EE      	MOVF        POSTINC0, 1 
0x0294	0xE00B      	BZ          L_Lcd_Out19
;__Lib_Lcd.c,200 :: 		
0x0296	0x5169      	MOVF        Lcd_Out_i_L0, 0, 1
0x0298	0x2567      	ADDWF       FARG_Lcd_Out_text, 0, 1
0x029A	0x6EE9      	MOVWF       FSR0L 
0x029C	0x0E00      	MOVLW       0
0x029E	0x2168      	ADDWFC      FARG_Lcd_Out_text+1, 0, 1
0x02A0	0x6EEA      	MOVWF       FSR0L+1 
0x02A2	0xF06ACFEE  	MOVFF       POSTINC0, FARG_Lcd_Chr_CP_out_char
0x02A6	0xDF0F      	RCALL       _Lcd_Chr_CP
0x02A8	0x2B69      	INCF        Lcd_Out_i_L0, 1, 1
0x02AA	0xD7ED      	BRA         L_Lcd_Out18
L_Lcd_Out19:
;__Lib_Lcd.c,201 :: 		
0x02AC	0x805D      	BSF         __Lib_Lcd_cmd_status, BitPos(__Lib_Lcd_cmd_status+0) 
;__Lib_Lcd.c,202 :: 		
L_end_Lcd_Out:
0x02AE	0x0012      	RETURN      0
; end of _Lcd_Out
_ReadData:
;MyProject.c,42 :: 		char ReadData(){
;MyProject.c,44 :: 		for(j = 0; j < 8; j++){
0x02B0	0x6A03      	CLRF        R3 
L_ReadData7:
0x02B2	0x0E08      	MOVLW       8
0x02B4	0x5C03      	SUBWF       R3, 0 
0x02B6	0xE230      	BC          L_ReadData8
;MyProject.c,45 :: 		while(!PORTD.F0); //Wait until PORTD.F0 goes HIGH
L_ReadData10:
0x02B8	0xB083      	BTFSC       PORTD, 0 
0x02BA	0xD001      	BRA         L_ReadData11
0x02BC	0xD7FD      	BRA         L_ReadData10
L_ReadData11:
;MyProject.c,46 :: 		delay_us(30);
0x02BE	0x0E31      	MOVLW       49
0x02C0	0x6E0D      	MOVWF       R13, 0
L_ReadData12:
0x02C2	0x2E0D      	DECFSZ      R13, 1, 0
0x02C4	0xD7FE      	BRA         L_ReadData12
0x02C6	0x0000      	NOP
0x02C8	0x0000      	NOP
;MyProject.c,47 :: 		if(PORTD.F0 == 0)
0x02CA	0xB083      	BTFSC       PORTD, 0 
0x02CC	0xD011      	BRA         L_ReadData13
;MyProject.c,48 :: 		i&= ~(1<<(7 - j));  //Clear bit (7-b)
0x02CE	0x5003      	MOVF        R3, 0 
0x02D0	0x0807      	SUBLW       7
0x02D2	0x6E00      	MOVWF       R0 
0x02D4	0xF001C000  	MOVFF       R0, R1
0x02D8	0x0E01      	MOVLW       1
0x02DA	0x6E00      	MOVWF       R0 
0x02DC	0x5001      	MOVF        R1, 0 
L__ReadData31:
0x02DE	0xE004      	BZ          L__ReadData32
0x02E0	0x3600      	RLCF        R0, 1 
0x02E2	0x9000      	BCF         R0, 0 
0x02E4	0x0FFF      	ADDLW       255
0x02E6	0xD7FB      	BRA         L__ReadData31
L__ReadData32:
0x02E8	0x1E00      	COMF        R0, 1 
0x02EA	0x5000      	MOVF        R0, 0 
0x02EC	0x1602      	ANDWF       R2, 1 
0x02EE	0xD012      	BRA         L_ReadData14
L_ReadData13:
;MyProject.c,49 :: 		else {i|= (1 << (7 - j));  //Set bit (7-b)
0x02F0	0x5003      	MOVF        R3, 0 
0x02F2	0x0807      	SUBLW       7
0x02F4	0x6E00      	MOVWF       R0 
0x02F6	0xF001C000  	MOVFF       R0, R1
0x02FA	0x0E01      	MOVLW       1
0x02FC	0x6E00      	MOVWF       R0 
0x02FE	0x5001      	MOVF        R1, 0 
L__ReadData33:
0x0300	0xE004      	BZ          L__ReadData34
0x0302	0x3600      	RLCF        R0, 1 
0x0304	0x9000      	BCF         R0, 0 
0x0306	0x0FFF      	ADDLW       255
0x0308	0xD7FB      	BRA         L__ReadData33
L__ReadData34:
0x030A	0x5000      	MOVF        R0, 0 
0x030C	0x1202      	IORWF       R2, 1 
;MyProject.c,50 :: 		while(PORTD.F0);}  //Wait until PORTD.F0 goes LOW
L_ReadData15:
0x030E	0xA083      	BTFSS       PORTD, 0 
0x0310	0xD001      	BRA         L_ReadData16
0x0312	0xD7FD      	BRA         L_ReadData15
L_ReadData16:
L_ReadData14:
;MyProject.c,44 :: 		for(j = 0; j < 8; j++){
0x0314	0x2A03      	INCF        R3, 1 
;MyProject.c,51 :: 		}
0x0316	0xD7CD      	BRA         L_ReadData7
L_ReadData8:
;MyProject.c,52 :: 		return i;
0x0318	0xF000C002  	MOVFF       R2, R0
;MyProject.c,53 :: 		}
L_end_ReadData:
0x031C	0x0012      	RETURN      0
; end of _ReadData
_CheckResponse:
;MyProject.c,34 :: 		void CheckResponse(){
;MyProject.c,35 :: 		Check = 0;
0x031E	0x0100      	MOVLB       0
0x0320	0x6B60      	CLRF        _Check, 1
;MyProject.c,36 :: 		delay_us(40);
0x0322	0x0E42      	MOVLW       66
0x0324	0x6E0D      	MOVWF       R13, 0
L_CheckResponse2:
0x0326	0x2E0D      	DECFSZ      R13, 1, 0
0x0328	0xD7FE      	BRA         L_CheckResponse2
0x032A	0x0000      	NOP
;MyProject.c,37 :: 		if (PORTD.F0 == 0){
0x032C	0xB083      	BTFSC       PORTD, 0 
0x032E	0xD00D      	BRA         L_CheckResponse3
;MyProject.c,38 :: 		delay_us(80);
0x0330	0x0E85      	MOVLW       133
0x0332	0x6E0D      	MOVWF       R13, 0
L_CheckResponse4:
0x0334	0x2E0D      	DECFSZ      R13, 1, 0
0x0336	0xD7FE      	BRA         L_CheckResponse4
;MyProject.c,39 :: 		if (PORTD.F0 == 1)   Check = 1;   delay_us(40);}
0x0338	0xA083      	BTFSS       PORTD, 0 
0x033A	0xD002      	BRA         L_CheckResponse5
0x033C	0x0E01      	MOVLW       1
0x033E	0x6F60      	MOVWF       _Check, 1
L_CheckResponse5:
0x0340	0x0E42      	MOVLW       66
0x0342	0x6E0D      	MOVWF       R13, 0
L_CheckResponse6:
0x0344	0x2E0D      	DECFSZ      R13, 1, 0
0x0346	0xD7FE      	BRA         L_CheckResponse6
0x0348	0x0000      	NOP
L_CheckResponse3:
;MyProject.c,40 :: 		}
L_end_CheckResponse:
0x034A	0x0012      	RETURN      0
; end of _CheckResponse
_main:
0x034C	0xF002ECD7  	CALL        1454, 0
;MyProject.c,57 :: 		void main() {
;MyProject.c,58 :: 		ADCON0 = 0x00;
0x0350	0x6AC2      	CLRF        ADCON0 
;MyProject.c,59 :: 		ADCON1 = 0x0f;                    // Configure all PORTB pins as digital
0x0352	0x0E0F      	MOVLW       15
0x0354	0x6EC1      	MOVWF       ADCON1 
;MyProject.c,60 :: 		TRISD.F1 = 0;
0x0356	0x9295      	BCF         TRISD, 1 
;MyProject.c,61 :: 		TRISC=0x00;
0x0358	0x6A94      	CLRF        TRISC 
;MyProject.c,62 :: 		Lcd_Init();
0x035A	0xDF18      	RCALL       _Lcd_Init
;MyProject.c,63 :: 		Lcd_Cmd(_LCD_CURSOR_OFF);        // cursor off
0x035C	0x0E0C      	MOVLW       12
0x035E	0x0100      	MOVLB       0
0x0360	0x6F6B      	MOVWF       FARG_Lcd_Cmd_out_char, 1
0x0362	0xDE72      	RCALL       _Lcd_Cmd
;MyProject.c,64 :: 		Lcd_Cmd(_LCD_CLEAR);            // clear LCD
0x0364	0x0E01      	MOVLW       1
0x0366	0x6F6B      	MOVWF       FARG_Lcd_Cmd_out_char, 1
0x0368	0xDE6F      	RCALL       _Lcd_Cmd
;MyProject.c,65 :: 		while(1){
L_main17:
;MyProject.c,66 :: 		StartSignal();
0x036A	0xDEFD      	RCALL       _StartSignal
;MyProject.c,67 :: 		CheckResponse();
0x036C	0xDFD8      	RCALL       _CheckResponse
;MyProject.c,68 :: 		if(Check == 1){
0x036E	0x5160      	MOVF        _Check, 0, 1
0x0370	0x0A01      	XORLW       1
0x0372	0xA4D8      	BTFSS       STATUS, 2 
0x0374	0xD0B7      	BRA         L_main19
;MyProject.c,69 :: 		RH_byte1 = ReadData();
0x0376	0xDF9C      	RCALL       _ReadData
0x0378	0xF063C000  	MOVFF       R0, _RH_byte1
;MyProject.c,70 :: 		RH_byte2 = ReadData();
0x037C	0xDF99      	RCALL       _ReadData
0x037E	0xF064C000  	MOVFF       R0, _RH_byte2
;MyProject.c,71 :: 		T_byte1 = ReadData();
0x0382	0xDF96      	RCALL       _ReadData
0x0384	0xF05EC000  	MOVFF       R0, _T_byte1
;MyProject.c,72 :: 		T_byte2 = ReadData();
0x0388	0xDF93      	RCALL       _ReadData
0x038A	0xF05FC000  	MOVFF       R0, _T_byte2
;MyProject.c,73 :: 		Sum = ReadData();
0x038E	0xDF90      	RCALL       _ReadData
0x0390	0xF061C000  	MOVFF       R0, _Sum
0x0394	0x0E00      	MOVLW       0
0x0396	0x0100      	MOVLB       0
0x0398	0x6F62      	MOVWF       _Sum+1, 1
;MyProject.c,74 :: 		if(Sum == ((RH_byte1+RH_byte2+T_byte1+T_byte2) & 0XFF)){
0x039A	0x5164      	MOVF        _RH_byte2, 0, 1
0x039C	0x2563      	ADDWF       _RH_byte1, 0, 1
0x039E	0x6E00      	MOVWF       R0 
0x03A0	0x6A01      	CLRF        R1 
0x03A2	0x0E00      	MOVLW       0
0x03A4	0x2201      	ADDWFC      R1, 1 
0x03A6	0x505E      	MOVF        _T_byte1, 0 
0x03A8	0x2600      	ADDWF       R0, 1 
0x03AA	0x0E00      	MOVLW       0
0x03AC	0x2201      	ADDWFC      R1, 1 
0x03AE	0x505F      	MOVF        _T_byte2, 0 
0x03B0	0x2600      	ADDWF       R0, 1 
0x03B2	0x0E00      	MOVLW       0
0x03B4	0x2201      	ADDWFC      R1, 1 
0x03B6	0x0EFF      	MOVLW       255
0x03B8	0x1400      	ANDWF       R0, 0 
0x03BA	0x6E02      	MOVWF       R2 
0x03BC	0xF003C001  	MOVFF       R1, R3
0x03C0	0x0E00      	MOVLW       0
0x03C2	0x1603      	ANDWF       R3, 1 
0x03C4	0x5162      	MOVF        _Sum+1, 0, 1
0x03C6	0x1803      	XORWF       R3, 0 
0x03C8	0xE102      	BNZ         L__main36
0x03CA	0x5002      	MOVF        R2, 0 
0x03CC	0x1961      	XORWF       _Sum, 0, 1
L__main36:
0x03CE	0xA4D8      	BTFSS       STATUS, 2 
0x03D0	0xD079      	BRA         L_main20
;MyProject.c,75 :: 		Temp = T_byte1;
0x03D2	0xF059C05E  	MOVFF       _T_byte1, _Temp
0x03D6	0x0E00      	MOVLW       0
0x03D8	0x6E5A      	MOVWF       _Temp+1 
;MyProject.c,76 :: 		RH = RH_byte1;
0x03DA	0xF05BC063  	MOVFF       _RH_byte1, _RH
0x03DE	0x0E00      	MOVLW       0
0x03E0	0x6E5C      	MOVWF       _RH+1 
;MyProject.c,77 :: 		Lcd_Out(1, 6, "Temp:   C");
0x03E2	0x0E01      	MOVLW       1
0x03E4	0x6F65      	MOVWF       FARG_Lcd_Out_row, 1
0x03E6	0x0E06      	MOVLW       6
0x03E8	0x6F66      	MOVWF       FARG_Lcd_Out_column, 1
0x03EA	0x0E15      	MOVLW       ?lstr1_MyProject
0x03EC	0x6F67      	MOVWF       FARG_Lcd_Out_text, 1
0x03EE	0x0E00      	MOVLW       hi_addr(?lstr1_MyProject)
0x03F0	0x6F68      	MOVWF       FARG_Lcd_Out_text+1, 1
0x03F2	0xDF1F      	RCALL       _Lcd_Out
;MyProject.c,78 :: 		Lcd_Out(2, 2, "Humidity:   %");
0x03F4	0x0E02      	MOVLW       2
0x03F6	0x6F65      	MOVWF       FARG_Lcd_Out_row, 1
0x03F8	0x0E02      	MOVLW       2
0x03FA	0x6F66      	MOVWF       FARG_Lcd_Out_column, 1
0x03FC	0x0E1F      	MOVLW       ?lstr2_MyProject
0x03FE	0x6F67      	MOVWF       FARG_Lcd_Out_text, 1
0x0400	0x0E00      	MOVLW       hi_addr(?lstr2_MyProject)
0x0402	0x6F68      	MOVWF       FARG_Lcd_Out_text+1, 1
0x0404	0xDF16      	RCALL       _Lcd_Out
;MyProject.c,79 :: 		LCD_Chr(1, 12, 48 + ((Temp / 10) % 10));
0x0406	0x0E01      	MOVLW       1
0x0408	0x6F65      	MOVWF       FARG_Lcd_Chr_row, 1
0x040A	0x0E0C      	MOVLW       12
0x040C	0x6F66      	MOVWF       FARG_Lcd_Chr_column, 1
0x040E	0x0E0A      	MOVLW       10
0x0410	0x6E04      	MOVWF       R4 
0x0412	0x0E00      	MOVLW       0
0x0414	0x6E05      	MOVWF       R5 
0x0416	0xF000C059  	MOVFF       _Temp, R0
0x041A	0xF001C05A  	MOVFF       _Temp+1, R1
0x041E	0xDE59      	RCALL       _Div_16X16_U
0x0420	0x0E0A      	MOVLW       10
0x0422	0x6E04      	MOVWF       R4 
0x0424	0x0E00      	MOVLW       0
0x0426	0x6E05      	MOVWF       R5 
0x0428	0xDE54      	RCALL       _Div_16X16_U
0x042A	0xF000C008  	MOVFF       R8, R0
0x042E	0xF001C009  	MOVFF       R9, R1
0x0432	0x5000      	MOVF        R0, 0 
0x0434	0x0F30      	ADDLW       48
0x0436	0x6F67      	MOVWF       FARG_Lcd_Chr_out_char, 1
0x0438	0xDE67      	RCALL       _Lcd_Chr
;MyProject.c,80 :: 		LCD_Chr(1, 13, 48 + (Temp % 10));
0x043A	0x0E01      	MOVLW       1
0x043C	0x6F65      	MOVWF       FARG_Lcd_Chr_row, 1
0x043E	0x0E0D      	MOVLW       13
0x0440	0x6F66      	MOVWF       FARG_Lcd_Chr_column, 1
0x0442	0x0E0A      	MOVLW       10
0x0444	0x6E04      	MOVWF       R4 
0x0446	0x0E00      	MOVLW       0
0x0448	0x6E05      	MOVWF       R5 
0x044A	0xF000C059  	MOVFF       _Temp, R0
0x044E	0xF001C05A  	MOVFF       _Temp+1, R1
0x0452	0xDE3F      	RCALL       _Div_16X16_U
0x0454	0xF000C008  	MOVFF       R8, R0
0x0458	0xF001C009  	MOVFF       R9, R1
0x045C	0x5000      	MOVF        R0, 0 
0x045E	0x0F30      	ADDLW       48
0x0460	0x6F67      	MOVWF       FARG_Lcd_Chr_out_char, 1
0x0462	0xDE52      	RCALL       _Lcd_Chr
;MyProject.c,81 :: 		LCD_Chr(2, 12, 48 + ((RH / 10) % 10));
0x0464	0x0E02      	MOVLW       2
0x0466	0x6F65      	MOVWF       FARG_Lcd_Chr_row, 1
0x0468	0x0E0C      	MOVLW       12
0x046A	0x6F66      	MOVWF       FARG_Lcd_Chr_column, 1
0x046C	0x0E0A      	MOVLW       10
0x046E	0x6E04      	MOVWF       R4 
0x0470	0x0E00      	MOVLW       0
0x0472	0x6E05      	MOVWF       R5 
0x0474	0xF000C05B  	MOVFF       _RH, R0
0x0478	0xF001C05C  	MOVFF       _RH+1, R1
0x047C	0xDE2A      	RCALL       _Div_16X16_U
0x047E	0x0E0A      	MOVLW       10
0x0480	0x6E04      	MOVWF       R4 
0x0482	0x0E00      	MOVLW       0
0x0484	0x6E05      	MOVWF       R5 
0x0486	0xDE25      	RCALL       _Div_16X16_U
0x0488	0xF000C008  	MOVFF       R8, R0
0x048C	0xF001C009  	MOVFF       R9, R1
0x0490	0x5000      	MOVF        R0, 0 
0x0492	0x0F30      	ADDLW       48
0x0494	0x6F67      	MOVWF       FARG_Lcd_Chr_out_char, 1
0x0496	0xDE38      	RCALL       _Lcd_Chr
;MyProject.c,82 :: 		LCD_Chr(2, 13, 48 + (RH % 10));
0x0498	0x0E02      	MOVLW       2
0x049A	0x6F65      	MOVWF       FARG_Lcd_Chr_row, 1
0x049C	0x0E0D      	MOVLW       13
0x049E	0x6F66      	MOVWF       FARG_Lcd_Chr_column, 1
0x04A0	0x0E0A      	MOVLW       10
0x04A2	0x6E04      	MOVWF       R4 
0x04A4	0x0E00      	MOVLW       0
0x04A6	0x6E05      	MOVWF       R5 
0x04A8	0xF000C05B  	MOVFF       _RH, R0
0x04AC	0xF001C05C  	MOVFF       _RH+1, R1
0x04B0	0xDE10      	RCALL       _Div_16X16_U
0x04B2	0xF000C008  	MOVFF       R8, R0
0x04B6	0xF001C009  	MOVFF       R9, R1
0x04BA	0x5000      	MOVF        R0, 0 
0x04BC	0x0F30      	ADDLW       48
0x04BE	0x6F67      	MOVWF       FARG_Lcd_Chr_out_char, 1
0x04C0	0xDE23      	RCALL       _Lcd_Chr
;MyProject.c,83 :: 		}
0x04C2	0xD00F      	BRA         L_main21
L_main20:
;MyProject.c,85 :: 		Lcd_Cmd(_LCD_CURSOR_OFF);        // cursor off
0x04C4	0x0E0C      	MOVLW       12
0x04C6	0x6F6B      	MOVWF       FARG_Lcd_Cmd_out_char, 1
0x04C8	0xDDBF      	RCALL       _Lcd_Cmd
;MyProject.c,86 :: 		Lcd_Cmd(_LCD_CLEAR);             // clear LCD
0x04CA	0x0E01      	MOVLW       1
0x04CC	0x6F6B      	MOVWF       FARG_Lcd_Cmd_out_char, 1
0x04CE	0xDDBC      	RCALL       _Lcd_Cmd
;MyProject.c,87 :: 		Lcd_Out(1, 1, "Check sum error");}
0x04D0	0x0E01      	MOVLW       1
0x04D2	0x6F65      	MOVWF       FARG_Lcd_Out_row, 1
0x04D4	0x0E01      	MOVLW       1
0x04D6	0x6F66      	MOVWF       FARG_Lcd_Out_column, 1
0x04D8	0x0E49      	MOVLW       ?lstr3_MyProject
0x04DA	0x6F67      	MOVWF       FARG_Lcd_Out_text, 1
0x04DC	0x0E00      	MOVLW       hi_addr(?lstr3_MyProject)
0x04DE	0x6F68      	MOVWF       FARG_Lcd_Out_text+1, 1
0x04E0	0xDEA8      	RCALL       _Lcd_Out
L_main21:
;MyProject.c,88 :: 		}
0x04E2	0xD012      	BRA         L_main22
L_main19:
;MyProject.c,90 :: 		Lcd_Out(1, 3, "No response");
0x04E4	0x0E01      	MOVLW       1
0x04E6	0x6F65      	MOVWF       FARG_Lcd_Out_row, 1
0x04E8	0x0E03      	MOVLW       3
0x04EA	0x6F66      	MOVWF       FARG_Lcd_Out_column, 1
0x04EC	0x0E3D      	MOVLW       ?lstr4_MyProject
0x04EE	0x6F67      	MOVWF       FARG_Lcd_Out_text, 1
0x04F0	0x0E00      	MOVLW       hi_addr(?lstr4_MyProject)
0x04F2	0x6F68      	MOVWF       FARG_Lcd_Out_text+1, 1
0x04F4	0xDE9E      	RCALL       _Lcd_Out
;MyProject.c,91 :: 		Lcd_Out(2, 1, "from the sensor");
0x04F6	0x0E02      	MOVLW       2
0x04F8	0x6F65      	MOVWF       FARG_Lcd_Out_row, 1
0x04FA	0x0E01      	MOVLW       1
0x04FC	0x6F66      	MOVWF       FARG_Lcd_Out_column, 1
0x04FE	0x0E2D      	MOVLW       ?lstr5_MyProject
0x0500	0x6F67      	MOVWF       FARG_Lcd_Out_text, 1
0x0502	0x0E00      	MOVLW       hi_addr(?lstr5_MyProject)
0x0504	0x6F68      	MOVWF       FARG_Lcd_Out_text+1, 1
0x0506	0xDE95      	RCALL       _Lcd_Out
;MyProject.c,92 :: 		}
L_main22:
;MyProject.c,93 :: 		delay_ms(1000);
0x0508	0x0E1A      	MOVLW       26
0x050A	0x6E0B      	MOVWF       R11, 0
0x050C	0x0E5E      	MOVLW       94
0x050E	0x6E0C      	MOVWF       R12, 0
0x0510	0x0E6E      	MOVLW       110
0x0512	0x6E0D      	MOVWF       R13, 0
L_main23:
0x0514	0x2E0D      	DECFSZ      R13, 1, 0
0x0516	0xD7FE      	BRA         L_main23
0x0518	0x2E0C      	DECFSZ      R12, 1, 0
0x051A	0xD7FC      	BRA         L_main23
0x051C	0x2E0B      	DECFSZ      R11, 1, 0
0x051E	0xD7FA      	BRA         L_main23
0x0520	0x0000      	NOP
;MyProject.c,99 :: 		if(Temp > 35)
0x0522	0x0E00      	MOVLW       0
0x0524	0x6E00      	MOVWF       R0 
0x0526	0x505A      	MOVF        _Temp+1, 0 
0x0528	0x5C00      	SUBWF       R0, 0 
0x052A	0xE102      	BNZ         L__main37
0x052C	0x5059      	MOVF        _Temp, 0 
0x052E	0x0823      	SUBLW       35
L__main37:
0x0530	0xE202      	BC          L_main24
;MyProject.c,101 :: 		portc.f2=1;
0x0532	0x8482      	BSF         PORTC, 2 
;MyProject.c,102 :: 		portc.f1=0;
0x0534	0x9282      	BCF         PORTC, 1 
;MyProject.c,103 :: 		}
L_main24:
;MyProject.c,104 :: 		if(Temp < 20)
0x0536	0x0E00      	MOVLW       0
0x0538	0x5C5A      	SUBWF       _Temp+1, 0 
0x053A	0xE102      	BNZ         L__main38
0x053C	0x0E14      	MOVLW       20
0x053E	0x5C59      	SUBWF       _Temp, 0 
L__main38:
0x0540	0xE202      	BC          L_main25
;MyProject.c,106 :: 		portc.f2=0;
0x0542	0x9482      	BCF         PORTC, 2 
;MyProject.c,107 :: 		portc.f1=1;
0x0544	0x8282      	BSF         PORTC, 1 
;MyProject.c,108 :: 		}
L_main25:
;MyProject.c,109 :: 		if(RH<50)
0x0546	0x0E00      	MOVLW       0
0x0548	0x5C5C      	SUBWF       _RH+1, 0 
0x054A	0xE102      	BNZ         L__main39
0x054C	0x0E32      	MOVLW       50
0x054E	0x5C5B      	SUBWF       _RH, 0 
L__main39:
0x0550	0xA0D8      	BTFSS       STATUS, 0 
;MyProject.c,111 :: 		portc.f7=0;
0x0552	0x9E82      	BCF         PORTC, 7 
;MyProject.c,112 :: 		}
L_main26:
;MyProject.c,113 :: 		if(RH>80)
0x0554	0x0E00      	MOVLW       0
0x0556	0x6E00      	MOVWF       R0 
0x0558	0x505C      	MOVF        _RH+1, 0 
0x055A	0x5C00      	SUBWF       R0, 0 
0x055C	0xE102      	BNZ         L__main40
0x055E	0x505B      	MOVF        _RH, 0 
0x0560	0x0850      	SUBLW       80
L__main40:
0x0562	0xA0D8      	BTFSS       STATUS, 0 
;MyProject.c,115 :: 		portc.f7=1;
0x0564	0x8E82      	BSF         PORTC, 7 
;MyProject.c,116 :: 		}
L_main27:
;MyProject.c,117 :: 		}
0x0566	0xD701      	BRA         L_main17
;MyProject.c,118 :: 		}
L_end_main:
0x0568	0xD7FF      	BRA         $+0
; end of _main
0x05AE	0xF015EE10  	LFSR        1, 21
0x05B2	0x0E44      	MOVLW       68
0x05B4	0x6E00      	MOVWF       R0 
0x05B6	0x0E01      	MOVLW       1
0x05B8	0x6E01      	MOVWF       R1 
0x05BA	0x0E6A      	MOVLW       106
0x05BC	0x6EF6      	MOVWF       4086 
0x05BE	0x0E05      	MOVLW       5
0x05C0	0x6EF7      	MOVWF       TBLPTRH 
0x05C2	0x0E00      	MOVLW       0
0x05C4	0x6EF8      	MOVWF       TBLPTRU 
0x05C6	0xF001EC11  	CALL        546, 0
0x05CA	0x0012      	RETURN      0
;MyProject.c,0 :: ?ICS?lstr1_MyProject
0x056A	0x6554 ;?ICS?lstr1_MyProject+0
0x056C	0x706D ;?ICS?lstr1_MyProject+2
0x056E	0x203A ;?ICS?lstr1_MyProject+4
0x0570	0x2020 ;?ICS?lstr1_MyProject+6
0x0572	0x0043 ;?ICS?lstr1_MyProject+8
; end of ?ICS?lstr1_MyProject
;MyProject.c,0 :: ?ICS?lstr2_MyProject
0x0574	0x7548 ;?ICS?lstr2_MyProject+0
0x0576	0x696D ;?ICS?lstr2_MyProject+2
0x0578	0x6964 ;?ICS?lstr2_MyProject+4
0x057A	0x7974 ;?ICS?lstr2_MyProject+6
0x057C	0x203A ;?ICS?lstr2_MyProject+8
0x057E	0x2020 ;?ICS?lstr2_MyProject+10
0x0580	0x0025 ;?ICS?lstr2_MyProject+12
; end of ?ICS?lstr2_MyProject
;MyProject.c,0 :: ?ICS?lstr5_MyProject
0x0582	0x7266 ;?ICS?lstr5_MyProject+0
0x0584	0x6D6F ;?ICS?lstr5_MyProject+2
0x0586	0x7420 ;?ICS?lstr5_MyProject+4
0x0588	0x6568 ;?ICS?lstr5_MyProject+6
0x058A	0x7320 ;?ICS?lstr5_MyProject+8
0x058C	0x6E65 ;?ICS?lstr5_MyProject+10
0x058E	0x6F73 ;?ICS?lstr5_MyProject+12
0x0590	0x0072 ;?ICS?lstr5_MyProject+14
; end of ?ICS?lstr5_MyProject
;MyProject.c,0 :: ?ICS?lstr4_MyProject
0x0592	0x6F4E ;?ICS?lstr4_MyProject+0
0x0594	0x7220 ;?ICS?lstr4_MyProject+2
0x0596	0x7365 ;?ICS?lstr4_MyProject+4
0x0598	0x6F70 ;?ICS?lstr4_MyProject+6
0x059A	0x736E ;?ICS?lstr4_MyProject+8
0x059C	0x0065 ;?ICS?lstr4_MyProject+10
; end of ?ICS?lstr4_MyProject
;MyProject.c,0 :: ?ICS?lstr3_MyProject
0x059E	0x6843 ;?ICS?lstr3_MyProject+0
0x05A0	0x6365 ;?ICS?lstr3_MyProject+2
0x05A2	0x206B ;?ICS?lstr3_MyProject+4
0x05A4	0x7573 ;?ICS?lstr3_MyProject+6
0x05A6	0x206D ;?ICS?lstr3_MyProject+8
0x05A8	0x7265 ;?ICS?lstr3_MyProject+10
0x05AA	0x6F72 ;?ICS?lstr3_MyProject+12
0x05AC	0x0072 ;?ICS?lstr3_MyProject+14
; end of ?ICS?lstr3_MyProject
Symbol List:
//** Routines locations **
//ADDRESS    SIZE    PROCEDURE
//----------------------------------------------
0x001C      [22]    _Delay_5500us
0x0032      [12]    _Delay_1us
0x003E      [10]    _Delay_50us
0x0048     [126]    _Lcd_Cmd
0x00C6      [12]    _Lcd_Chr_CP
0x00D2      [54]    _Div_16X16_U
0x0108      [94]    _Lcd_Chr
0x0166      [38]    _StartSignal
0x018C     [150]    _Lcd_Init
0x0222      [16]    ___CC2DW
0x0232     [126]    _Lcd_Out
0x02B0     [110]    _ReadData
0x031E      [46]    _CheckResponse
0x034C     [542]    _main
//** Variables locations ** 
//ADDRESS    SIZE    VARIABLE
//----------------------------------------------
0x0000       [1]    UART1_Init_tmp_L0
0x0000       [1]    R0
0x0001       [1]    UART1_Read___tmp_UART1_Read_L0
0x0001       [1]    __Lib_USB_genHID_?FLOC____Lib_USB_genHID_USB_Handle_BusyT1
0x0001       [1]    R1
0x0001       [1]    ispunct_rslt_L0
0x0002       [1]    __Lib_USB_genHID_USB_CtrlTrf_Rx_Service_byteToRead_L0
0x0002       [2]    memset_pp_L0
0x0002       [2]    memcpy_dd_L0
0x0002       [1]    ReadData_i_L0
0x0002       [2]    strlen_cp_L0
0x0002       [2]    memchr_s_L0
0x0002       [1]    R2
0x0003       [1]    __Lib_USB_genHID_USB_CtrlTrf_Rx_Service_i_L0
0x0003       [1]    ReadData_j_L0
0x0003       [2]    __Lib_USB_genHID_USB_CtrlTrf_Tx_Service_byteToSend_L0
0x0003       [2]    memmove_tt_L0
0x0003       [1]    R3
0x0004       [2]    strcpy_cp_L0
0x0004       [2]    strcat_cp_L0
0x0004       [2]    memcpy_ss_L0
0x0004       [1]    R4
0x0004       [2]    strncpy_cp_L0
0x0004       [2]    strncat_cp_L0
0x0004       [2]    frexp_pom_L0
0x0004       [2]    __Lib_USB_genHID_USB_Transfer_Packet_handle_L0
0x0004       [2]    __Lib_USB_genHID_USB_Get_Status_Handler_p_L2
0x0004       [2]    __Lib_USB_genHID_USB_Std_Feature_Req_Handler_p_L0
0x0004       [1]    __Lib_USB_genHID_GetMaxIndexInDevDsc_index_L0
0x0005       [1]    R5
0x0005       [2]    memmove_ff_L0
0x0006       [2]    __Lib_USB_genHID_GetMaxIndexInConfigDsc_totalLen_L0
0x0006       [1]    R6
0x0007       [1]    R7
0x0008       [1]    R8
0x0008       [3]    __Lib_USB_genHID_GetMaxIndexInConfigDsc_ptr_L0
0x0009       [1]    R9
0x000A       [1]    R10
0x000B       [1]    R11
0x000C       [1]    R12
0x000D       [1]    R13
0x000E       [1]    R14
0x000F       [1]    R15
0x0010       [1]    R16
0x0011       [1]    R17
0x0012       [1]    R18
0x0013       [1]    R19
0x0014       [1]    R20
0x0015      [10]    ?lstr1_MyProject
0x001F      [14]    ?lstr2_MyProject
0x002D      [16]    ?lstr5_MyProject
0x003D      [12]    ?lstr4_MyProject
0x0049      [16]    ?lstr3_MyProject
0x0059       [2]    _Temp
0x005B       [2]    _RH
0x005D       [0]    __Lib_Lcd_cmd_status
0x005E       [1]    _T_byte1
0x005F       [1]    _T_byte2
0x0060       [1]    _Check
0x0061       [2]    _Sum
0x0063       [1]    _RH_byte1
0x0064       [1]    _RH_byte2
0x0065       [1]    FARG_Lcd_Chr_row
0x0065       [1]    FARG_Lcd_Out_row
0x0066       [1]    FARG_Lcd_Out_column
0x0066       [1]    FARG_Lcd_Chr_column
0x0067       [1]    FARG_Lcd_Chr_out_char
0x0067       [2]    FARG_Lcd_Out_text
0x0069       [1]    Lcd_Out_i_L0
0x006A       [1]    FARG_Lcd_Chr_CP_out_char
0x006B       [1]    FARG_Lcd_Cmd_out_char
0x0F81       [0]    RB3_bit
0x0F81       [0]    RB0_bit
0x0F81       [0]    RB1_bit
0x0F81       [0]    RB2_bit
0x0F81       [0]    LCD_RS
0x0F81       [0]    LCD_EN
0x0F81       [0]    RB5_bit
0x0F81       [0]    LCD_D7
0x0F81       [0]    LCD_D5
0x0F81       [0]    LCD_D4
0x0F81       [0]    RB4_bit
0x0F81       [0]    LCD_D6
0x0F82       [1]    PORTC
0x0F83       [1]    PORTD
0x0F93       [0]    TRISB0_bit
0x0F93       [0]    TRISB1_bit
0x0F93       [0]    TRISB5_bit
0x0F93       [0]    LCD_D7_Direction
0x0F93       [0]    TRISB2_bit
0x0F93       [0]    LCD_D6_Direction
0x0F93       [0]    LCD_EN_Direction
0x0F93       [0]    TRISB3_bit
0x0F93       [0]    LCD_D5_Direction
0x0F93       [0]    TRISB4_bit
0x0F93       [0]    LCD_RS_Direction
0x0F93       [0]    LCD_D4_Direction
0x0F94       [1]    TRISC
0x0F95       [1]    TRISD
0x0FC1       [1]    ADCON1
0x0FC2       [1]    ADCON0
0x0FD8       [1]    STATUS
0x0FD9       [1]    FSR2L
0x0FDA       [1]    FSR2H
0x0FDE       [1]    POSTINC2
0x0FE0       [1]    BSR
0x0FE1       [1]    FSR1L
0x0FE2       [1]    FSR1H
0x0FE4       [1]    PREINC1
0x0FE6       [1]    POSTINC1
0x0FE7       [1]    INDF1
0x0FE8       [1]    WREG
0x0FE9       [1]    FSR0L
0x0FEA       [1]    FSR0H
0x0FEE       [1]    POSTINC0
0x0FF3       [1]    PRODL
0x0FF4       [1]    PRODH
0x0FF5       [1]    TABLAT
0x0FF6       [1]    TBLPTRL
0x0FF7       [1]    TBLPTRH
0x0FF8       [1]    TBLPTRU
//** Constants locations ** 
//ADDRESS    SIZE    CONSTANT
//----------------------------------------------
0x056A      [10]    ?ICS?lstr1_MyProject
0x0574      [14]    ?ICS?lstr2_MyProject
0x0582      [16]    ?ICS?lstr5_MyProject
0x0592      [12]    ?ICS?lstr4_MyProject
0x059E      [16]    ?ICS?lstr3_MyProject
